<?xml version="1.0" encoding="UTF-8"?>
<!-- Generated by org.testng.reporters.JUnitReportReporter -->
<testsuite hostname="Youngs-MacBook-Pro.local" name="main.java.com.dbyl.appiumCore.tests.AppDemo" tests="1" failures="0" timestamp="13 Aug 2016 09:50:32 GMT" time="3.968" errors="0">
  <testcase name="swipeTest" time="3.968" classname="main.java.com.dbyl.appiumCore.tests.AppDemo"/>
</testsuite> <!-- main.java.com.dbyl.appiumCore.tests.AppDemo -->
