<?xml version="1.0" encoding="UTF-8"?>
<!-- Generated by org.testng.reporters.JUnitReportReporter -->
<testsuite hostname="Youngs-MacBook-Pro.local" name="main.java.com.dbyl.appiumCore.tests.iOSTest" tests="1" failures="0" timestamp="9 Sep 2016 15:54:53 GMT" time="83.289" errors="0">
  <testcase name="calc" time="83.289" classname="main.java.com.dbyl.appiumCore.tests.iOSTest"/>
</testsuite> <!-- main.java.com.dbyl.appiumCore.tests.iOSTest -->
