<?xml version="1.0" encoding="UTF-8"?>
<!-- Generated by org.testng.reporters.JUnitReportReporter -->
<testsuite hostname="Youngs-MacBook-Pro.local" name="main.java.com.dbyl.appiumCore.tests.AppDemo" tests="1" failures="0" timestamp="10 Sep 2016 06:09:14 GMT" time="4.981" errors="0">
  <testcase name="swipeTest" time="4.981" classname="main.java.com.dbyl.appiumCore.tests.AppDemo"/>
</testsuite> <!-- main.java.com.dbyl.appiumCore.tests.AppDemo -->
