<?xml version="1.0" encoding="UTF-8"?>
<!-- Generated by org.testng.reporters.JUnitReportReporter -->
<testsuite hostname="Youngs-MacBook-Pro.local" name="main.java.com.dbyl.appiumCore.tests.iOSTest" tests="1" failures="0" timestamp="8 Mar 2016 16:11:22 GMT" time="73.615" errors="0">
  <testcase name="calc" time="73.615" classname="main.java.com.dbyl.appiumCore.tests.iOSTest"/>
</testsuite> <!-- main.java.com.dbyl.appiumCore.tests.iOSTest -->
