<?xml version="1.0" encoding="UTF-8"?>
<!-- Generated by org.testng.reporters.JUnitReportReporter -->
<testsuite hostname="Youngs-MacBook-Pro.local" name="main.java.com.dbyl.appiumCore.tests.iOSPageObject" tests="1" failures="0" timestamp="27 Nov 2016 04:24:34 GMT" time="180.349" errors="0">
  <testcase name="iOSTest" time="180.349" classname="main.java.com.dbyl.appiumCore.tests.iOSPageObject"/>
</testsuite> <!-- main.java.com.dbyl.appiumCore.tests.iOSPageObject -->
