<?xml version="1.0" encoding="UTF-8"?>
<!-- Generated by org.testng.reporters.JUnitReportReporter -->
<testsuite hostname="Youngs-MacBook-Pro.local" name="main.java.com.dbyl.appiumCore.tests.AppDemo" tests="1" failures="0" timestamp="7 Mar 2016 15:48:30 GMT" time="2.453" errors="0">
  <testcase name="swipeTest" time="2.453" classname="main.java.com.dbyl.appiumCore.tests.AppDemo"/>
</testsuite> <!-- main.java.com.dbyl.appiumCore.tests.AppDemo -->
