<?xml version="1.0" encoding="UTF-8"?>
<!-- Generated by org.testng.reporters.JUnitReportReporter -->
<testsuite hostname="Youngs-Mac.local" name="com.dbyl.core.iOSTest" tests="1" failures="0" timestamp="16 Nov 2015 16:16:03 GMT" time="32.023" errors="0">
  <testcase name="login" time="32.023" classname="com.dbyl.core.iOSTest"/>
</testsuite> <!-- com.dbyl.core.iOSTest -->
