<?xml version="1.0" encoding="UTF-8"?>
<!-- Generated by org.testng.reporters.JUnitReportReporter -->
<testsuite hostname="Youngs-MacBook-Pro.local" name="main.java.com.dbyl.appiumCore.tests.AppWebViewTest" tests="1" failures="0" timestamp="2 Dec 2016 14:57:00 GMT" time="0.012" errors="1">
  <testcase name="webViewTest" time="0.012" classname="main.java.com.dbyl.appiumCore.tests.AppWebViewTest">
    <error type="java.lang.NullPointerException" message="while trying to invoke the method io.appium.java_client.android.AndroidDriver.quit() of a null object loaded from field main.java.com.dbyl.appiumCore.tests.AppWebViewTest.driver of an object loaded from local variable &#039;this&#039;">
      <![CDATA[java.lang.NullPointerException: while trying to invoke the method io.appium.java_client.android.AndroidDriver.quit() of a null object loaded from field main.java.com.dbyl.appiumCore.tests.AppWebViewTest.driver of an object loaded from local variable 'this'
	at main.java.com.dbyl.appiumCore.tests.AppWebViewTest.tearDown(AppWebViewTest.java:140)
	at sun.reflect.NativeMethodAccessorImpl.invoke0(Native Method)
	at sun.reflect.NativeMethodAccessorImpl.invoke(NativeMethodAccessorImpl.java:62)
	at sun.reflect.DelegatingMethodAccessorImpl.invoke(DelegatingMethodAccessorImpl.java:43)
	at java.lang.reflect.Method.invoke(Method.java:498)
	at org.testng.internal.MethodInvocationHelper.invokeMethod(MethodInvocationHelper.java:100)
	at org.testng.internal.Invoker.invokeConfigurationMethod(Invoker.java:515)
	at org.testng.internal.Invoker.invokeConfigurations(Invoker.java:216)
	at org.testng.internal.Invoker.invokeMethod(Invoker.java:712)
	at org.testng.internal.Invoker.invokeTestMethod(Invoker.java:811)
	at org.testng.internal.Invoker.invokeTestMethods(Invoker.java:1129)
	at org.testng.internal.TestMethodWorker.invokeTestMethods(TestMethodWorker.java:129)
	at org.testng.internal.TestMethodWorker.run(TestMethodWorker.java:112)
	at java.util.concurrent.ThreadPoolExecutor.runWorker(ThreadPoolExecutor.java:1142)
	at java.util.concurrent.ThreadPoolExecutor$Worker.run(ThreadPoolExecutor.java:617)
	at java.lang.Thread.run(Thread.java:812)
]]>
    </error>
  </testcase> <!-- webViewTest -->
</testsuite> <!-- main.java.com.dbyl.appiumCore.tests.AppWebViewTest -->
