<?xml version="1.0" encoding="UTF-8"?>
<!-- Generated by org.testng.reporters.JUnitReportReporter -->
<testsuite hostname="Youngs-MacBook-Pro.local" name="main.java.com.dbyl.appiumCore.tests.AppWebView" tests="1" failures="0" timestamp="15 Nov 2016 15:17:24 GMT" time="33.993" errors="0">
  <testcase name="webViewTest" time="33.993" classname="main.java.com.dbyl.appiumCore.tests.AppWebView"/>
</testsuite> <!-- main.java.com.dbyl.appiumCore.tests.AppWebView -->
