<?xml version="1.0" encoding="UTF-8"?>
<!-- Generated by org.testng.reporters.JUnitReportReporter -->
<testsuite hostname="Youngs-MacBook-Pro.local" name="main.java.com.dbyl.appiumCore.tests.AppDemo" tests="1" failures="0" timestamp="9 Sep 2016 17:18:15 GMT" time="3.486" errors="0">
  <testcase name="swipeTest" time="3.486" classname="main.java.com.dbyl.appiumCore.tests.AppDemo"/>
</testsuite> <!-- main.java.com.dbyl.appiumCore.tests.AppDemo -->
