<?xml version="1.0" encoding="UTF-8"?>
<!-- Generated by org.testng.reporters.JUnitReportReporter -->
<testsuite hostname="Youngs-Mac.local" name="com.dbyl.core.iOSTest" tests="1" failures="0" timestamp="15 Nov 2015 15:13:09 GMT" time="23.543" errors="0">
  <testcase name="login" time="23.543" classname="com.dbyl.core.iOSTest"/>
</testsuite> <!-- com.dbyl.core.iOSTest -->
