<?xml version="1.0" encoding="UTF-8"?>
<!-- Generated by org.testng.reporters.JUnitReportReporter -->
<testsuite hostname="Young-PC" name="com.dbyl.core.zhiHu" tests="1" failures="0" timestamp="18 Jun 2015 16:06:12 GMT" time="15.834" errors="0">
  <testcase name="swipe" time="15.834" classname="com.dbyl.core.zhiHu"/>
</testsuite> <!-- com.dbyl.core.zhiHu -->
