<?xml version="1.0" encoding="UTF-8"?>
<!-- Generated by org.testng.reporters.JUnitReportReporter -->
<testsuite hostname="Youngs-MacBook-Pro.local" name="main.java.com.dbyl.appiumCore.tests.AppWebView" tests="1" failures="0" timestamp="10 Sep 2016 04:04:38 GMT" time="7.395" errors="1">
  <testcase name="webViewTest" time="7.395" classname="main.java.com.dbyl.appiumCore.tests.AppWebView">
    <error type="org.openqa.selenium.WebDriverException" message="An unknown server-side error occurred while processing the command. Original error: Invalid timeout &#039;page load&#039; (WARNING: The server did not provide any stacktrace information)
Command duration or timeout: 79 milliseconds
Build info: version: &#039;2.53.1&#039;, revision: &#039;a36b8b1&#039;, time: &#039;2016-06-30 17:37:03&#039;
System info: host: &#039;Youngs-MacBook-Pro.local&#039;, ip: &#039;192.168.1.109&#039;, os.name: &#039;Mac OS X&#039;, os.arch: &#039;x86_64&#039;, os.version: &#039;10.11.6&#039;, java.version: &#039;1.8.0_92&#039;
Driver info: io.appium.java_client.android.AndroidDriver
Capabilities [{app=/Volumes/Transcend/Document/workspace/appiumDemo/apps/webview.apk, appPackage=com.testerhome.webview, networkConnectionEnabled=true, noSign=true, warnings={}, databaseEnabled=false, deviceName=192.168.58.102:5555, platform=LINUX, deviceUDID=192.168.58.102:5555, appActivity=.MainActivity, desired={app=/Volumes/Transcend/Document/workspace/appiumDemo/apps/webview.apk, appPackage=com.testerhome.webview, appActivity=.MainActivity, noSign=true, automationName=Appium, browserName=, platformName=Android, deviceName=Android Emulator}, platformVersion=6.0, webStorageEnabled=false, locationContextEnabled=false, automationName=Appium, takesScreenshot=true, browserName=, javascriptEnabled=true, platformName=Android}]
Session ID: 23c3554a-8978-49e9-9950-20d2496e938b">
      <![CDATA[org.openqa.selenium.WebDriverException: An unknown server-side error occurred while processing the command. Original error: Invalid timeout 'page load' (WARNING: The server did not provide any stacktrace information)
Command duration or timeout: 79 milliseconds
Build info: version: '2.53.1', revision: 'a36b8b1', time: '2016-06-30 17:37:03'
System info: host: 'Youngs-MacBook-Pro.local', ip: '192.168.1.109', os.name: 'Mac OS X', os.arch: 'x86_64', os.version: '10.11.6', java.version: '1.8.0_92'
Driver info: io.appium.java_client.android.AndroidDriver
Capabilities [{app=/Volumes/Transcend/Document/workspace/appiumDemo/apps/webview.apk, appPackage=com.testerhome.webview, networkConnectionEnabled=true, noSign=true, warnings={}, databaseEnabled=false, deviceName=192.168.58.102:5555, platform=LINUX, deviceUDID=192.168.58.102:5555, appActivity=.MainActivity, desired={app=/Volumes/Transcend/Document/workspace/appiumDemo/apps/webview.apk, appPackage=com.testerhome.webview, appActivity=.MainActivity, noSign=true, automationName=Appium, browserName=, platformName=Android, deviceName=Android Emulator}, platformVersion=6.0, webStorageEnabled=false, locationContextEnabled=false, automationName=Appium, takesScreenshot=true, browserName=, javascriptEnabled=true, platformName=Android}]
Session ID: 23c3554a-8978-49e9-9950-20d2496e938b
	at sun.reflect.NativeConstructorAccessorImpl.newInstance0(Native Method)
	at sun.reflect.NativeConstructorAccessorImpl.newInstance(NativeConstructorAccessorImpl.java:62)
	at sun.reflect.DelegatingConstructorAccessorImpl.newInstance(DelegatingConstructorAccessorImpl.java:45)
	at java.lang.reflect.Constructor.newInstance(Constructor.java:423)
	at org.openqa.selenium.remote.ErrorHandler.createThrowable(ErrorHandler.java:206)
	at org.openqa.selenium.remote.ErrorHandler.throwIfResponseFailed(ErrorHandler.java:158)
	at org.openqa.selenium.remote.RemoteWebDriver.execute(RemoteWebDriver.java:678)
	at io.appium.java_client.DefaultGenericMobileDriver.execute(DefaultGenericMobileDriver.java:40)
	at io.appium.java_client.AppiumDriver.execute(AppiumDriver.java:1)
	at io.appium.java_client.android.AndroidDriver.execute(AndroidDriver.java:1)
	at org.openqa.selenium.remote.RemoteWebDriver$RemoteWebDriverOptions$RemoteTimeouts.pageLoadTimeout(RemoteWebDriver.java:879)
	at main.java.com.dbyl.appiumCore.tests.AppWebView.webViewTest(AppWebView.java:70)
	at sun.reflect.NativeMethodAccessorImpl.invoke0(Native Method)
	at sun.reflect.NativeMethodAccessorImpl.invoke(NativeMethodAccessorImpl.java:62)
	at sun.reflect.DelegatingMethodAccessorImpl.invoke(DelegatingMethodAccessorImpl.java:43)
	at java.lang.reflect.Method.invoke(Method.java:498)
	at org.testng.internal.MethodInvocationHelper.invokeMethod(MethodInvocationHelper.java:100)
	at org.testng.internal.Invoker.invokeMethod(Invoker.java:646)
	at org.testng.internal.Invoker.invokeTestMethod(Invoker.java:811)
	at org.testng.internal.Invoker.invokeTestMethods(Invoker.java:1129)
	at org.testng.internal.TestMethodWorker.invokeTestMethods(TestMethodWorker.java:129)
	at org.testng.internal.TestMethodWorker.run(TestMethodWorker.java:112)
	at org.testng.TestRunner.privateRun(TestRunner.java:746)
	at org.testng.TestRunner.run(TestRunner.java:600)
	at org.testng.SuiteRunner.runTest(SuiteRunner.java:366)
	at org.testng.SuiteRunner.runSequentially(SuiteRunner.java:361)
	at org.testng.SuiteRunner.privateRun(SuiteRunner.java:319)
	at org.testng.SuiteRunner.run(SuiteRunner.java:268)
	at org.testng.SuiteRunnerWorker.runSuite(SuiteRunnerWorker.java:52)
	at org.testng.SuiteRunnerWorker.run(SuiteRunnerWorker.java:86)
	at org.testng.TestNG.runSuitesSequentially(TestNG.java:1264)
	at org.testng.TestNG.runSuitesLocally(TestNG.java:1189)
	at org.testng.TestNG.runSuites(TestNG.java:1104)
	at org.testng.TestNG.run(TestNG.java:1076)
	at org.testng.remote.AbstractRemoteTestNG.run(AbstractRemoteTestNG.java:126)
	at org.testng.remote.RemoteTestNG.initAndRun(RemoteTestNG.java:152)
	at org.testng.remote.RemoteTestNG.main(RemoteTestNG.java:57)
]]>
    </error>
  </testcase> <!-- webViewTest -->
</testsuite> <!-- main.java.com.dbyl.appiumCore.tests.AppWebView -->
