<?xml version="1.0" encoding="UTF-8"?>
<!-- Generated by org.testng.reporters.JUnitReportReporter -->
<testsuite hostname="Youngs-MacBook-Pro.local" name="main.java.com.dbyl.appiumCore.tests.iOSTest" tests="1" failures="0" timestamp="7 Dec 2016 11:35:29 GMT" time="141.948" errors="0">
  <testcase name="calc" time="141.948" classname="main.java.com.dbyl.appiumCore.tests.iOSTest"/>
</testsuite> <!-- main.java.com.dbyl.appiumCore.tests.iOSTest -->
