<?xml version="1.0" encoding="UTF-8"?>
<!-- Generated by org.testng.reporters.JUnitReportReporter -->
<testsuite hostname="Youngs-MacBook-Pro.local" name="main.java.com.dbyl.appiumCore.tests.PickerTest" tests="1" failures="0" timestamp="28 Nov 2016 15:37:32 GMT" time="23.644" errors="0">
  <testcase name="webViewTest" time="23.644" classname="main.java.com.dbyl.appiumCore.tests.PickerTest"/>
</testsuite> <!-- main.java.com.dbyl.appiumCore.tests.PickerTest -->
