<?xml version="1.0" encoding="UTF-8"?>
<!-- Generated by org.testng.reporters.JUnitReportReporter -->
<testsuite hostname="Youngs-MacBook-Pro.local" name="main.java.com.dbyl.appiumCore.tests.AppDemoForJava" tests="1" failures="0" timestamp="24 Oct 2016 13:13:37 GMT" time="12.232" errors="0">
  <testcase name="Demo" time="12.232" classname="main.java.com.dbyl.appiumCore.tests.AppDemoForJava"/>
</testsuite> <!-- main.java.com.dbyl.appiumCore.tests.AppDemoForJava -->
