<?xml version="1.0" encoding="UTF-8"?>
<!-- Generated by org.testng.reporters.JUnitReportReporter -->
<testsuite hostname="Youngs-MacBook-Pro.local" name="main.java.com.dbyl.appiumCore.tests.iOSTest" tests="1" failures="0" timestamp="9 Mar 2016 11:57:11 GMT" time="45.200" errors="0">
  <testcase name="calc" time="45.200" classname="main.java.com.dbyl.appiumCore.tests.iOSTest"/>
</testsuite> <!-- main.java.com.dbyl.appiumCore.tests.iOSTest -->
