<?xml version="1.0" encoding="UTF-8"?>
<!-- Generated by org.testng.reporters.JUnitReportReporter -->
<testsuite hostname="Youngs-MacBook-Pro.local" name="main.java.com.dbyl.appiumCore.tests.unlockerTest" tests="1" failures="0" timestamp="22 Oct 2016 12:59:17 GMT" time="27.633" errors="0">
  <testcase name="Demo" time="27.633" classname="main.java.com.dbyl.appiumCore.tests.unlockerTest"/>
</testsuite> <!-- main.java.com.dbyl.appiumCore.tests.unlockerTest -->
