<?xml version="1.0" encoding="UTF-8"?>
<!-- Generated by org.testng.reporters.JUnitReportReporter -->
<testsuite hostname="Youngs-MacBook-Pro.local" name="main.java.com.dbyl.appiumCore.tests.iOSBrowser" tests="1" failures="0" timestamp="15 Nov 2016 13:06:54 GMT" time="116.086" errors="0">
  <testcase name="iOSTest" time="116.086" classname="main.java.com.dbyl.appiumCore.tests.iOSBrowser"/>
</testsuite> <!-- main.java.com.dbyl.appiumCore.tests.iOSBrowser -->
