<?xml version="1.0" encoding="UTF-8"?>
<!-- Generated by org.testng.reporters.JUnitReportReporter -->
<testsuite hostname="Youngs-MacBook-Pro.local" name="main.java.com.dbyl.appiumCore.tests.AppWebView" tests="1" failures="0" timestamp="28 Nov 2016 14:20:28 GMT" time="30.476" errors="0">
  <testcase name="webViewTest" time="30.476" classname="main.java.com.dbyl.appiumCore.tests.AppWebView"/>
</testsuite> <!-- main.java.com.dbyl.appiumCore.tests.AppWebView -->
